|SourceProjectName:CPRS.hpr
|DestinationProjectName:CPRS.htm
whhost.js
whmsg.js
whmozemu.js
whproxy.js
whstub.js
whutils.js
whver.js
whform.js
whphost.js
whstart.js
whtopic.js
whframes.js
whlang.js
XmlReadHelper.js
whskin_info.htm
whskin_blank.htm
whskin_pickup.htm
whskin_homepage.htm
whskin_tw.htm
whnjs.htm
whthost.js
whtdhtml.htm
whihost.js
whibody.htm
whiform.htm
whfhost.js
whfbody.htm
whfform.htm
whghost.js
whgbody.htm
whgdhtml.htm
whgdef.htm
whproj.js
whproj.xml
whproj.htm
whxdata\whtoc.xml
whxdata\whidx.xml
whxdata\whglo.xml
whdata\whtoc.js
whdata\whtoc.htm
whdata\whtdata.js
whdata\whidx.js
whdata\whidx.htm
whdata\whidata.js
whdata\whglo.js
whdata\whglo.htm
whdata\whgdata.js
resource\resource.xml
whbrs.xml
whres.xml
whgdata\whnvp30.htm
whgdata\whnvp31.htm
whgdata\whnvp32.htm
whgdata\whnvp33.htm
whgdata\whnvt30.htm
whgdata\whnvt31.htm
whgdata\whnvt32.htm
whgdata\whnvt33.htm
whgdata\whnvf30.htm
whgdata\whnvf31.htm
whgdata\whnvf32.htm
whgdata\whnvf33.htm
whgdata\whnvl31.htm
whgdata\whnvl32.htm
whgdata\whnvl33.htm
whgdata\whexpbar.gif
cshdat_webhelp.htm
whcsh_home.htm
whcshdata.htm
cshdat_robohelp.htm
whd_home.htm
whd_topic.xml
whd_nvp10.htm
whd_nvp20.htm
whd_tabs.htm
whd_dpns.htm
whd_tab0.gif
whd_tab1.gif
whd_tab2.gif
whd_tab3.gif
whd_tab4.gif
whd_tab5.gif
whd_tab6.gif
whd_tab7.gif
whd_tab8.gif
whd_toc1.gif
whd_toc2.gif
whd_toc3.gif
whd_toc4.gif
whd_show0.gif
whd_show1.gif
whd_show2.gif
whd_hide0.gif
whd_hide1.gif
whd_hide2.gif
whd_sync0.gif
whd_sync1.gif
whd_sync2.gif
whd_prev0.gif
whd_prev1.gif
whd_prev2.gif
whd_next0.gif
whd_next1.gif
whd_next2.gif
whd_wbsh0.gif
whd_wbsh1.gif
whd_wbsh2.gif
whidhtml.htm
whfdhtml.htm
CPRS_hha.hhk
CPRS.hhc
CPRS.hhk
A08AMNF.htm
A2CYUMM.htm
A2W4FPX.htm
About_CPRS.htm
About_CPRS_Read_Only.htm
About_This_Help_File.htm
Accesibility_Changing_the_Window_Color.htm
Accessibility_Changing_the_Font_Sizes.htm
Active_Orders_(includes_pending_and_recent_activity).htm
Add_a_Comment_to_a_Problem.htm
Add_All_button_(Personal_Lists).htm
Add_button_(Document_Titles).htm
Add_button_(Personal_Lists).htm
Add_button_(Source_Combinations).htm
Add_to_Signature_List.htm
Adding_a_Problem.htm
Adding_a_Template_to_a_Document.htm
Adding_to_Existing_Progress_Notes_(addendum).htm
Additional_Diet_Order.htm
Additional_Patient_Information.htm
Adverse_reactions_popup.htm
Alerting_a_user_when_order_results_are_avaialble.htm
All_Tests_by_(specified)_Date.htm
ALX6BIH.htm
Anatomic_Pathology.htm
Annotating_a_Problem.htm
Apply_button.htm
Ask_subject.htm
Associating_a_Template.htm
Automatically_Add_Diagnoses_to_the_Problem_List.htm
Available_Reports_on_the_Reports_Tab.htm
AWLJN4O.htm
B6DUOGR.htm
Blood_Bank.htm
Blood_Products_Overview_.htm
Breaking_Context.htm
BZO04GQ.htm
Cancel_button.htm
Cancel_button_2.htm
Canceling_Out_of_the_Processing_Dialog.htm
Causative_Agent_Not_On_File.htm
CF1CZT7.htm
Changing_a_Document_s_Author__Title__Reference__etc_.htm
Changing_a_Problem.htm
Changing_an_Order.htm
Changing_CPRS_Windows_Size.htm
Changing_Medication_Orders.htm
Changing_or_Copying_IMO_Orders.htm
Changing_the_Release_Event___Assigning_a_Release_Event_to_an_Unreleased_Order.htm
Changing_Views_on_the_Consults_tab.htm
Changing_Views_on_the_Discharge_Summaries_tab.htm
Changing_Views_on_the_Labs_tab.htm
Changing_Views_on_the_Meds_tab.htm
Changing_Views_on_the_Notes_tab.htm
Changing_Views_on_the_Orders_tab.htm
Choosing_RDV_or_VistaWeb_to_View_Remote_Data.htm
CL081ZS.htm
Clearing_a_Single_Reminder.htm
Clinic_Date_Range.htm
Clinical_Reminders.htm
Close_button.htm
Closing_a_Patient_Record.htm
Combinations.htm
Complete_a_Consult_from_the_Consults_Tab.htm
Complete_a_Consult_from_the_Notes_Tab.htm
Consults.htm
Context_Management_(CCOW)_in_CPRS.htm
Copy_Existing_Orders.htm
Copying_Data_from_a_Report.htm
Copying_Document_Templates.htm
Copying_Template_Text.htm
Cover_Sheet_Date_Range_Defaults.htm
Cover_Sheet_Detail.htm
CPRS_Conventions.htm
CPRS_Features.htm
CPRS_Guiding_Principles.htm
CPRS_Help_Introduction.htm
CPRS_tabs.htm
CPRS_Time_Out.htm
cprswt.htm
Creating_a_Non-Standard_(Custom)_Schedule.htm
Creating_an_Addendum_to_a_Surgery_Report.htm
Creating_and_Maintaining_a_Personal_Diagnosis_List.htm
Creating_and_Modifying_Shared_and_Personal_Templates.htm
Creating_Personal_Document_Templates.htm
Creating_Shared_Document_Templates.htm
Cumulative.htm
Customizing_CPRS_(general).htm
Customizing_the_Surgery_Tab.htm
DEA_ePCS_Error_Messages_and_Troubleshooting.htm
Default_cosigner.htm
Delete.htm
Delete_List_button.htm
Deleting_Document_Templates.htm
Digital_Signature_(PKI)_Overview.htm
Discharge_Orders.htm
Discharge_Summaries.htm
Discontinuing_Orders.htm
Display_Only.htm
Display_Sort.htm
Document_class.htm
Document_Templates_(overview).htm
Document_titles.htm
Document_Titles_button.htm
Doing_a_Chart_Review_for_Orders.htm
DOW0SGR.htm
Down_arrow.htm
Editing_a_Progress_Note.htm
Editing_Document_Templates.htm
Electronic_and_Digital_Signatures_(Overview).htm
Electronic_Signature_(overview).htm
Encounter.htm
Encounter_Information_(overview).htm
Entering_a_GAF_Score.htm
Entering_Allergies.htm
Entering_Allergies_from_the_Cover_Sheet_Tab.htm
Entering_Allergies_from_the_Orders_Tab.htm
Entering_Current_Activities_Encounter.htm
Entering_Dates_and_Times_into_CPRS.htm
Entering_Diagnosis_Codes_for_Specific_Orders_(CIDC_Overview).htm
Entering_Encounter_Form_Data.htm
Entering_Encounter_Form_Data_-_Procedures.htm
Entering_No_Known_Allergies.htm
Entering_Non-VA_Medication_Information.htm
Entering_Primary_and_Secondary_providers_popup.htm
Entering_Vitals.htm
Event_Delayed_Orders.htm
Example__Reviewing_a_Health_Summary.htm
Examples_and_Demos.htm
Exit.htm
Exporting_Document_Templates.htm
Features_Available_from_Any_Tab.htm
File_menu.htm
find_or_search_options_for_notes.htm
Finding_specific_text_in_a_Document.htm
Finishing_Reminder_Processing.htm
Flagging_an_Order.htm
Forwarding_a_Notification_to_Another_User.htm
GAF_Score_(overview).htm
General_tab_(Tools___Options).htm
Generating_a_Template_from_a_TIU_Object_or_Note_Title.htm
Glossary.htm
Go_to_the_Default_Template.htm
Graphing__Exporting_Data.htm
Graphing_Adjusting_the_Display.htm
Graphing_Choosing_Display_Items_on_the_Select_Items_and_Define_Views_Dialog.htm
Graphing_Configuring_Settings.htm
Graphing_Copy_and_Paste_or_Print_Graphs.htm
Graphing_Creating_Views.htm
Graphing_Deleting_Predefined_Views.htm
Graphing_Displayed_Details_for_Graphed_Items.htm
Graphing_Edting_Predefined_Views.htm
Graphing_Graphing_Items_from_the_Main_Window.htm
Graphing_Graphing_Items_from_the_Select_Items_and_Define_Views_Dialog_Box.htm
Graphing_Lab_Results.htm
Graphing_Main_Window_Display_Options.htm
Graphing_Overview.htm
Graphing_popup_Access_the_Define_Views_or_Select_Items_and_Define_Views_Dialog_Box.htm
Graphing_Predefined_Views.htm
Graphing_Renaming_Predefined_Views.htm
Graphing_Setting_Display_Options_with_the_Graph_Settings_Dialog.htm
Graphing_Starting_CPRS_Graphing.htm
Graphing_Using_the_Zoom_Feature.htm
Graphs_Tab_Tools_Options_.htm
Group_Notes.htm
HASHX_00000000.htm
Health_summaries.htm
Help_Menu.htm
HI8L5F.htm
Hide_Dialog_Items.htm
Hide_Items_in_Dialogs.htm
Hiding_Child_Templates.htm
Hold_Medication_Order.htm
How_Do_I_Know_a_Patient_Has_Reminders.htm
How_to_Use_Windows.htm
How_to_Write_Orders.htm
Icon_Legend.htm
Identify_Additional_Signers.htm
Importing_Document_Templates.htm
Include_personal_lists.htm
Indent_Dialog_Items.htm
Initial_tab_when_CPRS_starts.htm
Inpatient_Days.htm
Insert_Patient_Data_Object.htm
Inserting_Template_Fields_into_a_Template.htm
Interval_for_autosave.htm
Isolations___Precautions_Order.htm
IV_Fluids.htm
JCQJ0ML.htm
Joining_Context.htm
Keeping_Diagnostic_and_Procedure_Codes_Current.htm
Keyboard_Shortcuts_for_Common_CPRS_Commands.htm
Lab_Test_Information.htm
Last_Broker_Call.htm
Left_arrow.htm
List_Source.htm
Lists_Teams_Tab_(Tools___Options).htm
Locating_an_Item_in_a_List.htm
Making_a_Problem_Inactive.htm
Manually_Evaluating_Reminders.htm
Manually_Releasing_an_Event-Delayed_Order.htm
Marking_a_Template_as_the_Default_Template.htm
Marking_Allergies_as_Entered_in_Error.htm
Maximum_number.htm
Medication_Administration_History.htm
Menus_and_Menu_Commands.htm
Microbiology.htm
Monday-Sunday.htm
Most_Recent.htm
Moving_to_Another_Reminder.htm
Navigating_a_Patient_Chart.htm
New_Consult_from_the_Consults_Tab.htm
New_Consult_from_the_Orders_Tab.htm
New_Features_and_Components_of_CPRS.htm
New_List_button.htm
New_Personal_List_field.htm
New_Procedure_from_the_Consults_Tab.htm
New_Procedure_from_the_Orders_Tab.htm
Non-VA_Medications_(Overview).htm
Not_Visible.htm
Notes_button.htm
Notes_tab.htm
Notes_Tab_(Tools___Options).htm
Notifications__Notifications_and_Alerts.htm
Notifications_list.htm
Notifications_Tab_(Tools___Options).htm
OK_button.htm
OK_button_2.htm
One_Item_Only.htm
Only_Show_First_Line.htm
Opening_a_Template.htm
Order_Check_list.htm
Order_Checking.htm
Order_Checking_Local.htm
Order_Checking_Remote.htm
Order_Checks_Tab_(Tools___Options).htm
Order_Sets.htm
Ordering_a_Diet_(Diet_Tab).htm
Ordering_Blood_Components_and_Diagnostic_Tests.htm
Ordering_Consults.htm
Ordering_Diet_Isolation_Precautions.htm
Ordering_Diets_and_Outpatient_Meals(overview).htm
Ordering_Early___Late_Tray_Diet_Order.htm
Ordering_Early_Late_Trays.htm
Ordering_Imaging_Radiology.htm
Ordering_Infusions.htm
Ordering_Inpatient_Medications.htm
Ordering_Inpatient_Medications_Complex_Dose_.htm
Ordering_Inpatient_Medications_for_Outpatient_(Orders_tab).htm
Ordering_Inpatient_Medications_for_Outpatients_(Meds_tab).htm
Ordering_Inpatient_Medications_for_Outpatients_(Overview).htm
Ordering_Lab_Tests.htm
Ordering_Outpatient_Meal_Additional_Orders.htm
Ordering_Outpatient_Meal_Early_Late_Trays.htm
Ordering_Outpatient_Meal_Isolations_Precautions.htm
Ordering_Outpatient_Meal_Tubefeeding.htm
Ordering_Outpatient_Medications_(Complex_Dose).htm
Ordering_Outpatient_Medications_(Simple_Dose).htm
Ordering_Outpatient_Recurring_Meals.htm
Ordering_Outpatient_Special_Meals.htm
Ordering_Procedures.htm
Ordering_Regular_Diet_Orders.htm
Ordering_Vitals.htm
Orders_Infusion_Copying_Changing_or_Renewing_Continuous_Infusion_Orders.htm
Other_Health_Factors.htm
Other_Medication_Actions.htm
Other_Parameters.htm
Outpatient_Days.htm
Outpatient_Meals.htm
Overview__What_is_the_Cover_Sheet_.htm
Patient.htm
Patient_Data_Objects.htm
Patient_Insurance_and_My_HealtheVet_Information.htm
Patient_Lists.htm
Patient_Record_Flags__Overview.htm
Patient_Selection_Defaults.htm
Patients_on_personal_list.htm
Patients_on_selected_teams.htm
Patients_to_add.htm
Personal_Lists.htm
Personal_Lists_(Personal_Lists).htm
Personal_Preferences_(Tools___Options).htm
Placing_a_Quick_Order.htm
Placing_Additional_Diet_Orders.htm
Placing_Continuous_Infusion_Orders.htm
Placing_Intermittent_Infusion_Orders.htm
popup__Inpatient_Medications_Selection_dialog.htm
popup__inpatient_meds_dialog_with_NSS_link.htm
popup_lab_worksheet_results.htm
Postings.htm
Postings_Creating_New_Postings.htm
Previewing_a_Template.htm
Primary_Care_Button.htm
Primary_Provider.htm
Printing_a_Report.htm
Printing_from_CPRS.htm
Problem_List.htm
Problems_Customizing_the_Problems_List.htm
procedures.htm
Processing_a_Reminder.htm
Processing_Notifications.htm
Progress_Notes.htm
Provider_Selection_Critieria_for_Similar_Names.htm
Quick_Orders.htm
R4OMK.htm
References.htm
Refilling_a_Medication.htm
Refresh_Patient_Information.htm
Release_Hold_Order.htm
Reminder_Dialog.htm
Reminder_Evaluation_for_a_Patient.htm
Reminders_being_displayed.htm
Reminders_Icons.htm
Reminders_not_being_displayed.htm
Reminders_Overview.htm
Remote_Data.htm
Remove_a_Comment.htm
Remove_All_button_(Personal_Lists).htm
Remove_button_(Document_Titles).htm
Remove_button_(Personal_Lists).htm
Remove_button_(Source_Combinations).htm
Remove_Pending_Notifications.htm
Remove_Surrogate.htm
Remove_yourself_from_this_team.htm
Removing_a_Problem.htm
Removing_Notifications.htm
Renew_Medication.htm
Replace_Specific_Text_in_an_Unsigned_Document.htm
Reports_Tab_(Tools___Options).htm
Restrict_Team_List_View.htm
Results.htm
Return_to_Default_Order_View.htm
Review___Sign_Changes_Dialog.htm
Right_arrow.htm
Sample_Dialog_from_Dialog_Template.htm
Save_Changes_(Document_Titles).htm
Save_Changes_button_(Personal_Lists).htm
Saving_a_Default_Order_View.htm
Searching_for_Document_Templates.htm
Searching_for_Text_Within_Current_View.htm
Select_Combination_source_by.htm
Select_Patients_by.htm
Selected_Tests_by_Date.htm
Selecting_a_Patient.htm
Send_MailMan_bulletin.htm
Set_Default_Note_button.htm
Setting_a_Default_Patient_List.htm
Should_I_Evaluate_Reminders.htm
Show_List_Box_Data.htm
Sign_Document_Now.htm
Sign_Selected_Orders.htm
Signing_a_Surgery_Report.htm
Signing_In_to_CPRS.htm
Signing_Orders_before_Selecting_a_New_Patient_or_Exiting_CPRS.htm
Site_Defined_Clinical_Reminder_Order_Checks.htm
Sort_(Clinical_Reminders)_by.htm
Sort_Order.htm
Sorting_a_Report_(Table_View).htm
Sorting_Notifications_and_Viewing_Comments_of_Forwarded_Alerts.htm
Sorting_the_Medications_View.htm
Source_Combinations.htm
Spell_checking.htm
Start-Stop.htm
Start-Stop_(Imaging).htm
Start-Stop_(Patient_Selection).htm
Subscribe_to_a_team.htm
Surgery_tab.htm
Surrogate.htm
Surrogate_Date_Range.htm
Surrogate_Settings.htm
Symbol_Table.htm
Team_members.htm
Team_Personal.htm
Teams_Information.htm
Template_Fields.htm
Text_Orders.htm
The_Main_Reminders_Processing_Dialog.htm
The_Reminders_Button_Tree_View.htm
The_Reminders_Drawer.htm
Time_Delay.htm
Tips.htm
TIU_Definition.htm
Tools.htm
Tools_Menu.htm
Tracking_Consults_Requests.htm
Transfer_Inpatient_Medications_to_Outpatient.htm
Transfer_Outpatient_Medications_to_Inpatient.htm
Treating_Specialty.htm
tube_feeding_quantity.htm
Tubefeeding_Diet_Order.htm
Understanding_Service_Connection_and_Treatment_Factors.htm
Unflagging_an_Order.htm
Unit_Dose.htm
Unsigned_orders.htm
Up_arrow.htm
UQ1KVK.htm
Use_Defaults_(Imaging).htm
Use_Defaults_-_Lab.htm
Use_Defaults_-_Visits.htm
Use_last_selected_tab.htm
Using_CPRS.htm
Using_Mental_Health_Assessments_in_CPRS.htm
Using_the_Template_Field_Editor.htm
Verify_note_title.htm
Verifying_a_Problem.htm
Verifying_Orders.htm
View_all_Surgery_Cases.htm
View_menu.htm
View_Template_Notes.htm
Viewing_a_Health_Summary.htm
Viewing_a_Report.htm
Viewing_all_Signed_Notes__all_Unsigned_Notes__or_All_Uncosigned_Notes.htm
Viewing_All_Signed_Notes_by_a_Specific_Author.htm
Viewing_all_Signed_Notes_for_a_Date_Range.htm
Viewing_all_the_Progress_Notes_Under_a_Particular_Heading.htm
Viewing_Allergies_Adverse_Reactions.htm
Viewing_an_Event-Delayed_Order_After_it_is_Released.htm
Viewing_Consults.htm
Viewing_Discharge_Summaries.htm
Viewing_Imaging_Radiology_Orders.htm
Viewing_Laboratory_Test_Results.htm
Viewing_Medications.htm
Viewing_orders.htm
Viewing_Patient_Record_Flags.htm
Viewing_Postings.htm
Viewing_Progress_Notes.htm
Viewing_Remote_Data.htm
Viewing_the_Results_of_an_Order.htm
Viewing_Unsigned_Notes_or_Discharge_Summaries.htm
Viewing_Vitals.htm
Visits.htm
Vitals_Lite.htm
Ward.htm
Ward_(Source_Combinations).htm
What_Happens_When_I_Process_a_Reminder_.htm
What_is_CPRS_.htm
What_s_New_in_CPRS_GUI_v_20_(OR_3_0_141).htm
What_s_New_in_CPRS_GUI_v_21_(OR_3_0_149).htm
What_s_New_in_CPRS_GUI_v_22_(OR_3_0_173).htm
What_s_New_in_CPRS_GUI_v_23_(OR_3_0_187).htm
What_s_New_in_CPRS_GUI_v_24_(OR_3_0_190).htm
What_s_New_in_CPRS_GUI_v_25_OR_3_0_195_.htm
What_s_New_in_CPRS_GUI_v_27_(OR_3_0_243).htm
What_s_New_in_CPRS_GUI_v_27n_OR_3_0_296_.htm
What_s_New_in_CPRS_GUI_v_28_OR_3_0_280_.htm
What_s_New_in_CPRS_GUI_v_29_OR_3_306_.htm
What_s_New_in_CPRS_v_26_OR_3_0_215_.htm
What_s_the_Difference_between_OE_RR_and_CPRS_.htm
Write_a_New_Progress_Note.htm
Writing_Discharge_Summaries.htm
Writing_Event-Delayed_Orders.htm
YD5PR0.htm
You_are_on_these_teams.htm
Your_list_of_titles.htm
YZXS6Q.htm
ehlpdhtm.js
CPRS.glo
cprswt.css
CPRS.css
image\CPRS0087_wmf.gif
image\CPRS0082_wmf.gif
image\CPRS0077.gif
image\CPRS0066.gif
image\CPRS0055.gif
image\CPRS0044.gif
image\CPRS0033.gif
image\CPRS0028_wmf.gif
image\CPRS0022.gif
image\CPRS0011.gif
image\CPRS0000.gif
image\CPRS0098_wmf.gif
image\CPRS0078.gif
image\CPRS0045.gif
image\CPRS0041_wmf.gif
image\CPRS0034.gif
image\CPRS0023.gif
image\CPRS0012.gif
image\CPRS0001.gif
2013-03-14_help_with_hover_hints.gif
2013-03-12_PIV_card_PIN_entry_dialog.gif
image\CPRS0108_wmf.gif
image\CPRS0103_wmf.gif
image\CPRS0093_wmf.gif
image\CPRS0068.gif
image\CPRS0057_wmf.gif
image\CPRS0052_wmf.gif
image\CPRS0046.gif
image\CPRS0035.gif
image\CPRS0024.gif
image\CPRS0013.gif
image\CPRS0002.gif
2013-03-12_PIV_card_linked.gif
image\CPRS0114.gif
image\CPRS0086_wmf.gif
image\CPRS0069.gif
image\CPRS0058.gif
image\CPRS0047.gif
image\CPRS0036.gif
image\CPRS0025.gif
image\CPRS0014.gif
image\CPRS0003.gif
image\CPRS0115.gif
image\CPRS0104.gif
image\btn_inactive.gif
image\CPRS0059.gif
image\CPRS0048.gif
image\CPRS0037.gif
image\CPRS0026.gif
image\CPRS0015.gif
image\CPRS0009_wmf.gif
image\CPRS0004.gif
2013_02_11_Help_with_contents_showing.gif
image\CPRS0116.gif
image\CPRS0097_wmf.gif
image\CPRS0092_wmf.gif
image\CPRS0079_wmf.gif
image\CPRS0056_wmf.gif
image\CPRS0049.gif
image\CPRS0038.gif
image\CPRS0027.gif
image\CPRS0016.gif
image\CPRS0005.gif
image\CPRS0117.gif
image\CPRS0106.gif
image\CPRS0102_wmf.gif
image\CPRS0039.gif
image\CPRS0010_wmf.gif
image\CPRS0006.gif
image\CPRS0113_wmf.gif
image\CPRS0107.gif
image\CPRS0085_wmf.gif
image\CPRS0067_wmf.gif
image\CPRS0062_wmf.gif
image\CPRS0029.gif
image\CPRS0018.gif
image\CPRS0007.gif
image\CPRS0096_wmf.gif
image\CPRS0091_wmf.gif
image\CPRS0019.gif
image\CPRS0008.gif
image\CPRS0109.gif
image\CPRS0101_wmf.gif
image\CPRS0080.gif
image\CPRS0089_wmf.gif
image\CPRS0084_wmf.gif
image\CPRS0081.gif
image\CPRS0070.gif
image\CPRS0061_wmf.gif
2013-03-11_Sign_orders_with_CS.gif
image\CPRS0112_wmf.gif
image\CPRS0071.gif
2013-03-12_Dig_Sign_Setup.gif
image\CPRS0105_wmf.gif
image\CPRS0095_wmf.gif
image\CPRS0090_wmf.gif
image\CPRS0072.gif
image\CPRS0054_wmf.gif
image\CPRS0050.gif
image\CPRS0100_wmf.gif
image\CPRS0088_wmf.gif
image\CPRS0073.gif
image\CPRS0051.gif
image\CPRS0040.gif
image\CPRS0111_wmf.gif
image\CPRS0083_wmf.gif
image\CPRS0074.gif
image\CPRS0063.gif
image\CPRS0060_wmf.gif
2013-03-11_Sign_orders_no_CS.gif
image\CPRS0099_wmf.gif
image\CPRS0094_wmf.gif
image\CPRS0076_wmf.gif
image\CPRS0075.gif
image\CPRS0064.gif
image\CPRS0053.gif
image\CPRS0042.gif
image\CPRS0031.gif
image\CPRS0020.gif
2013-03-14_help_search_hover_hints.gif
2013_02_11_Help_with_ActiveX_problem.gif
image\CPRS0110.gif
image\CPRS0065.gif
image\CPRS0043.gif
image\CPRS0032.gif
image\CPRS0030_wmf.gif
image\CPRS0021.gif
image\CPRS0017_wmf.gif
SearchOptions.xml
CPRS.ppf
RoboHHRE.lng
whxdata\package_0.xml
whxdata\package_1.xml
whxdata\package_2.xml
whxdata\package_3.xml
whxdata\package_4.xml
whxdata\package_5.xml
whxdata\package_6.xml
whxdata\package_7.xml
whxdata\package_8.xml
whxdata\package_9.xml
whxdata\package_10.xml
whxdata\package_11.xml
whxdata\package_12.xml
whxdata\package_13.xml
whxdata\package_14.xml
whxdata\package_15.xml
whxdata\package_16.xml
whxdata\package_17.xml
whxdata\package_18.xml
whxdata\package_19.xml
whxdata\package_20.xml
whxdata\package_21.xml
whxdata\package_22.xml
whxdata\package_23.xml
whxdata\package_24.xml
whxdata\package_25.xml
whxdata\package_26.xml
whxdata\package_27.xml
whxdata\package_28.xml
whxdata\package_29.xml
whxdata\package_30.xml
whxdata\package_31.xml
whxdata\package_32.xml
whxdata\package_33.xml
whxdata\package_34.xml
whxdata\package_35.xml
whxdata\package_36.xml
whxdata\package_37.xml
whxdata\package_38.xml
whxdata\package_39.xml
whxdata\package_40.xml
whxdata\package_41.xml
whxdata\package_42.xml
whxdata\package_43.xml
whxdata\package_44.xml
whxdata\package_45.xml
whxdata\package_46.xml
whxdata\package_47.xml
whxdata\package_48.xml
whxdata\package_49.xml
whxdata\package_50.xml
whxdata\package_51.xml
whxdata\package_52.xml
whxdata\package_53.xml
whxdata\package_54.xml
whxdata\package_55.xml
whxdata\package_56.xml
whxdata\package_57.xml
whxdata\package_58.xml
whxdata\package_59.xml
whxdata\package_60.xml
whxdata\package_61.xml
whxdata\package_62.xml
whxdata\package_63.xml
whxdata\package_64.xml
whxdata\package_65.xml
whxdata\package_66.xml
whxdata\package_67.xml
whxdata\package_68.xml
whxdata\package_69.xml
whxdata\package_70.xml
whxdata\package_71.xml
whxdata\package_72.xml
whxdata\package_73.xml
whxdata\package_74.xml
whxdata\package_75.xml
whxdata\package_76.xml
whxdata\package_77.xml
whxdata\package_78.xml
whxdata\package_79.xml
whxdata\package_80.xml
whxdata\package_81.xml
whxdata\package_82.xml
whxdata\package_83.xml
whxdata\package_84.xml
whxdata\package_85.xml
whxdata\package_86.xml
whxdata\package_87.xml
whxdata\package_88.xml
whxdata\package_89.xml
whxdata\packageindex.xml
whxdata\synonym.xml
whxdata\topictable_0.xml
whxdata\topictable_1.xml
whxdata\topictable_2.xml
whxdata\topictable_3.xml
whxdata\topictable_4.xml
whxdata\topictable_5.xml
whxdata\topictable_6.xml
whxdata\topictable_7.xml
whxdata\topictableindex.xml
whxdata\whfts.xml
whxdata\whtdata0.xml
whxdata\whtdata1.xml
whxdata\whtdata2.xml
whxdata\whtdata3.xml
whxdata\whtdata4.xml
whxdata\whtdata5.xml
whxdata\whtdata6.xml
whxdata\whtdata7.xml
whxdata\whtdata8.xml
whxdata\whtdata9.xml
whxdata\whidata0.xml
whxdata\whidata1.xml
whxdata\whidata2.xml
whxdata\whidata3.xml
whxdata\whidata4.xml
whxdata\whidata5.xml
whxdata\whidata6.xml
whxdata\whidata7.xml
whxdata\whidata8.xml
whxdata\whidata9.xml
whxdata\whidata10.xml
whxdata\whidata11.xml
whxdata\whidata12.xml
whxdata\whidata13.xml
whxdata\whidata14.xml
whdata\whtdata0.htm
whdata\whtdata1.htm
whdata\whtdata2.htm
whdata\whtdata3.htm
whdata\whtdata4.htm
whdata\whtdata5.htm
whdata\whtdata6.htm
whdata\whtdata7.htm
whdata\whtdata8.htm
whdata\whtdata9.htm
whdata\whidata0.htm
whdata\whidata1.htm
whdata\whidata2.htm
whdata\whidata3.htm
whdata\whidata4.htm
whdata\whidata5.htm
whdata\whidata6.htm
whdata\whidata7.htm
whdata\whidata8.htm
whdata\whidata9.htm
whdata\whidata10.htm
whdata\whidata11.htm
whdata\whidata12.htm
whdata\whidata13.htm
whdata\whidata14.htm
whgdata\whlstt0.htm
whgdata\whlsti0.htm
whgdata\whlsti1.htm
whgdata\whlsti2.htm
whgdata\whlsti3.htm
whgdata\whlsti4.htm
whgdata\whlsti5.htm
whgdata\whlsti6.htm
whgdata\whlsti7.htm
whgdata\whlsti8.htm
whgdata\whlsti9.htm
whgdata\whlsti10.htm
whgdata\whlsti11.htm
whgdata\whlsti12.htm
whgdata\whlsti13.htm
whgdata\whlsti14.htm
whgdata\whlsti15.htm
whgdata\whlsti16.htm
whgdata\whlsti17.htm
whgdata\whlsti18.htm
whgdata\whlsti19.htm
whgdata\whlsti20.htm
whgdata\whlsti21.htm
whgdata\whlsti22.htm
whgdata\whlsti23.htm
whgdata\whlsti24.htm
whgdata\whlstf0.htm
whgdata\whlstf1.htm
whgdata\whlstf2.htm
whgdata\whlstf3.htm
whgdata\whlstf4.htm
whgdata\whlstf5.htm
whgdata\whlstf6.htm
whgdata\whlstf7.htm
whgdata\whlstf8.htm
whgdata\whlstf9.htm
whgdata\whlstf10.htm
whgdata\whlstf11.htm
whgdata\whlstf12.htm
whgdata\whlstf13.htm
whgdata\whlstf14.htm
whgdata\whlstf15.htm
whgdata\whlstf16.htm
whgdata\whlstf17.htm
whgdata\whlstf18.htm
whgdata\whlstf19.htm
whgdata\whlstf20.htm
whgdata\whlstf21.htm
whgdata\whlstf22.htm
whgdata\whlstf23.htm
whgdata\whlstf24.htm
whgdata\whlstf25.htm
whgdata\whlstf26.htm
whgdata\whlstf27.htm
whgdata\whlstf28.htm
whgdata\whlstf29.htm
whgdata\whlstf30.htm
whgdata\whlstf31.htm
whgdata\whlstg0.htm
CPRS.htm
CPRS_csh.htm
CPRS_rhc.htm
